  gameV2.cpp
C:\Users\endem\source\repos\game\gameV2\headers\h\util.h(42,89): warning C4244: 'return': conversion from 'double' to 'float', possible loss of data
  (compiling source file 'gameV2.cpp')
  
C:\Users\endem\source\repos\game\gameV2\headers\h\util.h(67,59): warning C4244: '=': conversion from 'int' to 'float', possible loss of data
  (compiling source file 'gameV2.cpp')
  
C:\Users\endem\source\repos\game\gameV2\headers\h\util.h(68,59): warning C4244: '=': conversion from 'int' to 'float', possible loss of data
  (compiling source file 'gameV2.cpp')
  
C:\Users\endem\source\repos\game\gameV2\gameV2.cpp(59,38): warning C4838: conversion from 'int32_t' to 'float' requires a narrowing conversion
C:\Users\endem\source\repos\game\gameV2\gameV2.cpp(59,38): warning C4244: 'initializing': conversion from 'int32_t' to 'float', possible loss of data
C:\Users\endem\source\repos\game\gameV2\gameV2.cpp(59,51): warning C4838: conversion from 'int32_t' to 'float' requires a narrowing conversion
C:\Users\endem\source\repos\game\gameV2\gameV2.cpp(59,51): warning C4244: 'initializing': conversion from 'int32_t' to 'float', possible loss of data
  entity.cpp
C:\Users\endem\source\repos\game\gameV2\headers\h\util.h(42,89): warning C4244: 'return': conversion from 'double' to 'float', possible loss of data
  (compiling source file 'headers/cpp/entity.cpp')
  
C:\Users\endem\source\repos\game\gameV2\headers\h\util.h(67,59): warning C4244: '=': conversion from 'int' to 'float', possible loss of data
  (compiling source file 'headers/cpp/entity.cpp')
  
C:\Users\endem\source\repos\game\gameV2\headers\h\util.h(68,59): warning C4244: '=': conversion from 'int' to 'float', possible loss of data
  (compiling source file 'headers/cpp/entity.cpp')
  
  environment.cpp
C:\Users\endem\source\repos\game\gameV2\headers\h\util.h(42,89): warning C4244: 'return': conversion from 'double' to 'float', possible loss of data
  (compiling source file 'headers/cpp/environment.cpp')
  
C:\Users\endem\source\repos\game\gameV2\headers\h\util.h(67,59): warning C4244: '=': conversion from 'int' to 'float', possible loss of data
  (compiling source file 'headers/cpp/environment.cpp')
  
C:\Users\endem\source\repos\game\gameV2\headers\h\util.h(68,59): warning C4244: '=': conversion from 'int' to 'float', possible loss of data
  (compiling source file 'headers/cpp/environment.cpp')
  
C:\Users\endem\source\repos\game\gameV2\headers\cpp\environment.cpp(46,8): warning C4101: 'entityTypeNum': unreferenced local variable
C:\Users\endem\source\repos\game\gameV2\headers\cpp\environment.cpp(46,27): warning C4101: 'aiTypeNum': unreferenced local variable
  gameObject.cpp
C:\Users\endem\source\repos\game\gameV2\headers\h\util.h(42,89): warning C4244: 'return': conversion from 'double' to 'float', possible loss of data
  (compiling source file 'headers/cpp/gameObject.cpp')
  
C:\Users\endem\source\repos\game\gameV2\headers\h\util.h(67,59): warning C4244: '=': conversion from 'int' to 'float', possible loss of data
  (compiling source file 'headers/cpp/gameObject.cpp')
  
C:\Users\endem\source\repos\game\gameV2\headers\h\util.h(68,59): warning C4244: '=': conversion from 'int' to 'float', possible loss of data
  (compiling source file 'headers/cpp/gameObject.cpp')
  
  player.cpp
C:\Users\endem\source\repos\game\gameV2\headers\h\util.h(42,89): warning C4244: 'return': conversion from 'double' to 'float', possible loss of data
  (compiling source file 'headers/cpp/player.cpp')
  
C:\Users\endem\source\repos\game\gameV2\headers\h\util.h(67,59): warning C4244: '=': conversion from 'int' to 'float', possible loss of data
  (compiling source file 'headers/cpp/player.cpp')
  
C:\Users\endem\source\repos\game\gameV2\headers\h\util.h(68,59): warning C4244: '=': conversion from 'int' to 'float', possible loss of data
  (compiling source file 'headers/cpp/player.cpp')
  
  projectile.cpp
C:\Users\endem\source\repos\game\gameV2\headers\h\util.h(42,89): warning C4244: 'return': conversion from 'double' to 'float', possible loss of data
  (compiling source file 'headers/cpp/projectile.cpp')
  
C:\Users\endem\source\repos\game\gameV2\headers\h\util.h(67,59): warning C4244: '=': conversion from 'int' to 'float', possible loss of data
  (compiling source file 'headers/cpp/projectile.cpp')
  
C:\Users\endem\source\repos\game\gameV2\headers\h\util.h(68,59): warning C4244: '=': conversion from 'int' to 'float', possible loss of data
  (compiling source file 'headers/cpp/projectile.cpp')
  
C:\Users\endem\source\repos\game\gameV2\headers\cpp\projectile.cpp(30,82): warning C4244: 'argument': conversion from 'float' to 'int32_t', possible loss of data
  tile.cpp
C:\Users\endem\source\repos\game\gameV2\headers\h\util.h(42,89): warning C4244: 'return': conversion from 'double' to 'float', possible loss of data
  (compiling source file 'headers/cpp/tile.cpp')
  
C:\Users\endem\source\repos\game\gameV2\headers\h\util.h(67,59): warning C4244: '=': conversion from 'int' to 'float', possible loss of data
  (compiling source file 'headers/cpp/tile.cpp')
  
C:\Users\endem\source\repos\game\gameV2\headers\h\util.h(68,59): warning C4244: '=': conversion from 'int' to 'float', possible loss of data
  (compiling source file 'headers/cpp/tile.cpp')
  
  Generating code
  654 of 2531 functions (25.8%) were compiled, the rest were copied from previous compilation.
    261 functions were new in current compilation
    192 functions had inline decision re-evaluated but remain unchanged
  Finished generating code
  gameV2.vcxproj -> C:\Users\endem\source\repos\game\gameV2\gameV2.exe
