  gameV2.cpp
C:\Users\endem\source\repos\game\gameV2\headers\h\util.h(42,89): warning C4244: 'return': conversion from 'double' to 'float', possible loss of data
  (compiling source file 'gameV2.cpp')
  
C:\Users\endem\source\repos\game\gameV2\headers\h\util.h(67,59): warning C4244: '=': conversion from 'int' to 'float', possible loss of data
  (compiling source file 'gameV2.cpp')
  
C:\Users\endem\source\repos\game\gameV2\headers\h\util.h(68,59): warning C4244: '=': conversion from 'int' to 'float', possible loss of data
  (compiling source file 'gameV2.cpp')
  
C:\Users\endem\source\repos\game\gameV2\gameV2.cpp(56,38): warning C4838: conversion from 'int32_t' to 'float' requires a narrowing conversion
C:\Users\endem\source\repos\game\gameV2\gameV2.cpp(56,38): warning C4244: 'initializing': conversion from 'int32_t' to 'float', possible loss of data
C:\Users\endem\source\repos\game\gameV2\gameV2.cpp(56,51): warning C4838: conversion from 'int32_t' to 'float' requires a narrowing conversion
C:\Users\endem\source\repos\game\gameV2\gameV2.cpp(56,51): warning C4244: 'initializing': conversion from 'int32_t' to 'float', possible loss of data
  player.cpp
C:\Users\endem\source\repos\game\gameV2\headers\h\util.h(42,89): warning C4244: 'return': conversion from 'double' to 'float', possible loss of data
  (compiling source file 'headers/cpp/player.cpp')
  
C:\Users\endem\source\repos\game\gameV2\headers\h\util.h(67,59): warning C4244: '=': conversion from 'int' to 'float', possible loss of data
  (compiling source file 'headers/cpp/player.cpp')
  
C:\Users\endem\source\repos\game\gameV2\headers\h\util.h(68,59): warning C4244: '=': conversion from 'int' to 'float', possible loss of data
  (compiling source file 'headers/cpp/player.cpp')
  
  Generating Code...
  gameV2.vcxproj -> C:\Users\endem\source\repos\game\x64\Debug\gameV2.exe
